c:\users\alienware\source\repos\testingcpp\bin\intermediates\win32\debug\vc142.pdb
c:\users\alienware\source\repos\testingcpp\bin\intermediates\win32\debug\vc142.idb
c:\users\alienware\source\repos\testingcpp\bin\intermediates\win32\debug\cxrenderobject.obj
c:\users\alienware\source\repos\testingcpp\bin\intermediates\win32\debug\cxrmrenderer.obj
c:\users\alienware\source\repos\testingcpp\bin\intermediates\win32\debug\cxrenderscene.obj
c:\users\alienware\source\repos\testingcpp\bin\intermediates\win32\debug\cxcamera.obj
c:\users\alienware\source\repos\testingcpp\bin\intermediates\win32\debug\blooprenderermain.obj
c:\users\alienware\source\repos\testingcpp\bin\intermediates\win32\debug\logger.obj
c:\users\alienware\source\repos\testingcpp\bin\intermediates\win32\debug\cxvector.obj
c:\users\alienware\source\repos\testingcpp\bin\intermediates\win32\debug\cxmath.obj
c:\users\alienware\source\repos\testingcpp\bin\intermediates\win32\debug\cxcolor.obj
c:\users\alienware\source\repos\testingcpp\bin\intermediates\win32\debug\cxbitmap.obj
c:\users\alienware\source\repos\testingcpp\bin\intermediates\win32\debug\cxraymarchinfo.obj
c:\users\alienware\source\repos\testingcpp\bin\intermediates\win32\debug\primitiverenderobjects.obj
c:\users\alienware\source\repos\testingcpp\bin\win32\debug\blooprenderer.exe
c:\users\alienware\source\repos\testingcpp\bin\win32\debug\blooprenderer.ilk
c:\users\alienware\source\repos\testingcpp\bin\win32\debug\blooprenderer.pdb
c:\users\alienware\source\repos\testingcpp\bin\intermediates\win32\debug\cxsteadytimer.obj
c:\users\alienware\source\repos\testingcpp\bin\intermediates\win32\debug\blooprenderer.tlog\cl.command.1.tlog
c:\users\alienware\source\repos\testingcpp\bin\intermediates\win32\debug\blooprenderer.tlog\cl.read.1.tlog
c:\users\alienware\source\repos\testingcpp\bin\intermediates\win32\debug\blooprenderer.tlog\cl.write.1.tlog
c:\users\alienware\source\repos\testingcpp\bin\intermediates\win32\debug\blooprenderer.tlog\link.command.1.tlog
c:\users\alienware\source\repos\testingcpp\bin\intermediates\win32\debug\blooprenderer.tlog\link.read.1.tlog
c:\users\alienware\source\repos\testingcpp\bin\intermediates\win32\debug\blooprenderer.tlog\link.write.1.tlog
